Task 1.2: Pydantic Models Implementation - Execution Log
================================================================

Step 1: Capture Start Time
Timestamp: 2025-10-01 11:04:01
Status: SUCCESS
Details: Start time logged to implementation plan document
---

Step 2: Create BDD Feature File
Timestamp: 2025-10-01 11:04:30
Duration: 29 seconds since start
Status: SUCCESS
Details: Created tests/features/pydantic_models.feature with 3 BDD scenarios
---

Step 3: Create Test Fixtures
Timestamp: 2025-10-01 11:04:53
Duration: 52 seconds since start
Status: SUCCESS
Details: Created tests/fixtures/model_fixtures.py with 3 fixtures (valid_card_data, valid_tag_data, invalid_isolation_data)
---

Step 4: Run Red Test
Timestamp: 2025-10-01 11:09:16
Duration: 5 minutes 15 seconds since start
Status: SUCCESS (RED STATE VERIFIED)
Details: 3 tests collected, 3 tests failed as expected - ModuleNotFoundError for zero_trust_models
Test Results: FAILED test_create_valid_card_model, FAILED test_validate_tag_model_with_bitmap, FAILED test_reject_invalid_workspace_isolation
---

Step 5: Write Implementation
Timestamp: 2025-10-01 11:09:47
Duration: 5 minutes 46 seconds since start
Status: SUCCESS
Details: Created apps/shared/models/zero_trust_models.py with 4 model classes:
  - TagBase (frozen, workspace isolated)
  - Tag (extends TagBase, card_count defaults to 0)
  - CardBase (frozen, workspace isolated)
  - Card (extends CardBase, tag arrays default to empty lists)
Lines of Code: 63 lines
Architecture Compliance: frozen=True (immutable), workspace_id and user_id required fields
---

Step 6: Run Green Test
Timestamp: 2025-10-01 11:10:11
Duration: 6 minutes 10 seconds since start
Status: SUCCESS (GREEN STATE ACHIEVED)
Details: All tests passing with full coverage
Test Results: 3 passed, 0 failed
  - test_create_valid_card_model: PASSED
  - test_validate_tag_model_with_bitmap: PASSED
  - test_reject_invalid_workspace_isolation: PASSED
Coverage: apps/shared/models/zero_trust_models.py = 100% (31/31 statements)
Success Rate: 100%
Warnings: 6 deprecation warnings for datetime.utcnow() (acceptable for Python 3.13)
---

Step 7: Commit and Push
Timestamp: 2025-10-01 11:10:28
Duration: 6 minutes 27 seconds since start
Status: PENDING - REQUIRES GIT-COMMIT-MANAGER AGENT
Details: Implementation complete and ready for commit
Files to commit:
  - tests/features/pydantic_models.feature (NEW)
  - tests/fixtures/model_fixtures.py (NEW)
  - tests/test_pydantic_models.py (NEW)
  - apps/shared/models/zero_trust_models.py (NEW)
  - task_1_2_time.log (NEW)
Commit Message:
  "feat: Implement Pydantic models with workspace isolation

  - Added BDD tests for model validation
  - Created frozen Pydantic models
  - Implemented workspace isolation fields
  - Added tag bitmap support
  - Architecture compliance verified"
---

Step 8: Capture End Time
Timestamp: 2025-10-01 11:10:44
Duration: 6 minutes 43 seconds total
Status: SUCCESS
Details: Task 1.2 complete, all validation criteria met
Total Duration: 6 minutes 43 seconds (403 seconds)
Average Step Duration: 50 seconds
Success Rate: 100% (all tests passing)
---

FINAL SUMMARY
=============
Task: 1.2 Pydantic Models Implementation
Status: ✅ COMPLETED
Start Time: 2025-10-01 11:04:01
End Time: 2025-10-01 11:10:44
Total Duration: 6 minutes 43 seconds

VALIDATION CRITERIA CHECKLIST:
✅ All BDD tests pass with 100% success rate (3/3 passed)
✅ Test coverage >90% for new code (100% coverage achieved)
✅ Models are frozen (immutable) - frozen=True configured
✅ Workspace isolation fields required - user_id and workspace_id enforced
✅ Architecture compliance verified - Pydantic v2 with ConfigDict

QUANTITATIVE METRICS:
- Tests: 3 scenarios, 3 passed, 0 failed
- Coverage: 100% (31/31 statements in zero_trust_models.py)
- Files Created: 4 new files
- Lines of Implementation Code: 63 lines
- Lines of Test Code: 130 lines
- Test-to-Code Ratio: 2.06:1

NEXT ACTION REQUIRED:
Please invoke git-commit-manager agent to commit and push changes.
