{"meta": {"format": 3, "version": "7.10.6", "timestamp": "2025-09-17T17:22:14.984797", "branch_coverage": false, "show_contexts": false}, "files": {"apps/shared/__init__.py": {"executed_lines": [0], "summary": {"covered_lines": 0, "num_statements": 0, "percent_covered": 100.0, "percent_covered_display": "100", "missing_lines": 0, "excluded_lines": 0}, "missing_lines": [], "excluded_lines": [], "functions": {"": {"executed_lines": [], "summary": {"covered_lines": 0, "num_statements": 0, "percent_covered": 100.0, "percent_covered_display": "100", "missing_lines": 0, "excluded_lines": 0}, "missing_lines": [], "excluded_lines": []}}, "classes": {"": {"executed_lines": [], "summary": {"covered_lines": 0, "num_statements": 0, "percent_covered": 100.0, "percent_covered_display": "100", "missing_lines": 0, "excluded_lines": 0}, "missing_lines": [], "excluded_lines": []}}}, "apps/shared/models/__init__.py": {"executed_lines": [1, 7, 8, 15, 17], "summary": {"covered_lines": 4, "num_statements": 4, "percent_covered": 100.0, "percent_covered_display": "100", "missing_lines": 0, "excluded_lines": 0}, "missing_lines": [], "excluded_lines": [], "functions": {"": {"executed_lines": [1, 7, 8, 15, 17], "summary": {"covered_lines": 4, "num_statements": 4, "percent_covered": 100.0, "percent_covered_display": "100", "missing_lines": 0, "excluded_lines": 0}, "missing_lines": [], "excluded_lines": []}}, "classes": {"": {"executed_lines": [1, 7, 8, 15, 17], "summary": {"covered_lines": 4, "num_statements": 4, "percent_covered": 100.0, "percent_covered_display": "100", "missing_lines": 0, "excluded_lines": 0}, "missing_lines": [], "excluded_lines": []}}}, "apps/shared/models/card.py": {"executed_lines": [1, 6, 7, 9, 12, 13, 20, 24, 25, 28, 31, 34, 38, 45, 46, 53, 54, 55, 58, 59, 62, 64, 71, 72, 78, 82, 83, 84, 85, 86, 87, 91, 94, 95, 101, 102, 105, 108, 109, 112, 116, 122, 123, 125, 127, 128, 130, 132, 133, 135, 137], "summary": {"covered_lines": 46, "num_statements": 47, "percent_covered": 97.87234042553192, "percent_covered_display": "98", "missing_lines": 1, "excluded_lines": 0}, "missing_lines": [136], "excluded_lines": [], "functions": {"UserTier.storage_quota_bytes": {"executed_lines": [125], "summary": {"covered_lines": 1, "num_statements": 1, "percent_covered": 100.0, "percent_covered_display": "100", "missing_lines": 0, "excluded_lines": 0}, "missing_lines": [], "excluded_lines": []}, "UserTier.attachment_size_limit_bytes": {"executed_lines": [130], "summary": {"covered_lines": 1, "num_statements": 1, "percent_covered": 100.0, "percent_covered_display": "100", "missing_lines": 0, "excluded_lines": 0}, "missing_lines": [], "excluded_lines": []}, "UserTier.storage_usage_percentage": {"executed_lines": [135, 137], "summary": {"covered_lines": 2, "num_statements": 3, "percent_covered": 66.66666666666667, "percent_covered_display": "67", "missing_lines": 1, "excluded_lines": 0}, "missing_lines": [136], "excluded_lines": []}, "": {"executed_lines": [1, 6, 7, 9, 12, 13, 20, 24, 25, 28, 31, 34, 38, 45, 46, 53, 54, 55, 58, 59, 62, 64, 71, 72, 78, 82, 83, 84, 85, 86, 87, 91, 94, 95, 101, 102, 105, 108, 109, 112, 116, 122, 123, 127, 128, 132, 133], "summary": {"covered_lines": 42, "num_statements": 42, "percent_covered": 100.0, "percent_covered_display": "100", "missing_lines": 0, "excluded_lines": 0}, "missing_lines": [], "excluded_lines": []}}, "classes": {"CardSummary": {"executed_lines": [], "summary": {"covered_lines": 0, "num_statements": 0, "percent_covered": 100.0, "percent_covered_display": "100", "missing_lines": 0, "excluded_lines": 0}, "missing_lines": [], "excluded_lines": []}, "CardDetail": {"executed_lines": [], "summary": {"covered_lines": 0, "num_statements": 0, "percent_covered": 100.0, "percent_covered_display": "100", "missing_lines": 0, "excluded_lines": 0}, "missing_lines": [], "excluded_lines": []}, "Attachment": {"executed_lines": [], "summary": {"covered_lines": 0, "num_statements": 0, "percent_covered": 100.0, "percent_covered_display": "100", "missing_lines": 0, "excluded_lines": 0}, "missing_lines": [], "excluded_lines": []}, "UserTier": {"executed_lines": [125, 130, 135, 137], "summary": {"covered_lines": 4, "num_statements": 5, "percent_covered": 80.0, "percent_covered_display": "80", "missing_lines": 1, "excluded_lines": 0}, "missing_lines": [136], "excluded_lines": []}, "": {"executed_lines": [1, 6, 7, 9, 12, 13, 20, 24, 25, 28, 31, 34, 38, 45, 46, 53, 54, 55, 58, 59, 62, 64, 71, 72, 78, 82, 83, 84, 85, 86, 87, 91, 94, 95, 101, 102, 105, 108, 109, 112, 116, 122, 123, 127, 128, 132, 133], "summary": {"covered_lines": 42, "num_statements": 42, "percent_covered": 100.0, "percent_covered_display": "100", "missing_lines": 0, "excluded_lines": 0}, "missing_lines": [], "excluded_lines": []}}}, "apps/shared/models/user_preferences.py": {"executed_lines": [1, 6, 7, 8, 10, 13, 14, 16, 20, 23, 28, 31, 36, 40, 47, 48, 50, 55, 60, 65, 68, 72, 79, 80, 82, 86, 89, 92, 97, 101, 108, 109, 111, 117, 120, 123, 129, 136, 137, 144, 148, 149, 152, 155, 158, 161, 164, 167, 170, 174, 180], "summary": {"covered_lines": 45, "num_statements": 46, "percent_covered": 97.82608695652173, "percent_covered_display": "98", "missing_lines": 1, "excluded_lines": 0}, "missing_lines": [182], "excluded_lines": [], "functions": {"UserPreferences.to_template_context": {"executed_lines": [], "summary": {"covered_lines": 0, "num_statements": 1, "percent_covered": 0.0, "percent_covered_display": "0", "missing_lines": 1, "excluded_lines": 0}, "missing_lines": [182], "excluded_lines": []}, "": {"executed_lines": [1, 6, 7, 8, 10, 13, 14, 16, 20, 23, 28, 31, 36, 40, 47, 48, 50, 55, 60, 65, 68, 72, 79, 80, 82, 86, 89, 92, 97, 101, 108, 109, 111, 117, 120, 123, 129, 136, 137, 144, 148, 149, 152, 155, 158, 161, 164, 167, 170, 174, 180], "summary": {"covered_lines": 45, "num_statements": 45, "percent_covered": 100.0, "percent_covered_display": "100", "missing_lines": 0, "excluded_lines": 0}, "missing_lines": [], "excluded_lines": []}}, "classes": {"ViewSettings": {"executed_lines": [], "summary": {"covered_lines": 0, "num_statements": 0, "percent_covered": 100.0, "percent_covered_display": "100", "missing_lines": 0, "excluded_lines": 0}, "missing_lines": [], "excluded_lines": []}, "ThemeSettings": {"executed_lines": [], "summary": {"covered_lines": 0, "num_statements": 0, "percent_covered": 100.0, "percent_covered_display": "100", "missing_lines": 0, "excluded_lines": 0}, "missing_lines": [], "excluded_lines": []}, "TagSettings": {"executed_lines": [], "summary": {"covered_lines": 0, "num_statements": 0, "percent_covered": 100.0, "percent_covered_display": "100", "missing_lines": 0, "excluded_lines": 0}, "missing_lines": [], "excluded_lines": []}, "WorkspaceSettings": {"executed_lines": [], "summary": {"covered_lines": 0, "num_statements": 0, "percent_covered": 100.0, "percent_covered_display": "100", "missing_lines": 0, "excluded_lines": 0}, "missing_lines": [], "excluded_lines": []}, "UserPreferences": {"executed_lines": [], "summary": {"covered_lines": 0, "num_statements": 1, "percent_covered": 0.0, "percent_covered_display": "0", "missing_lines": 1, "excluded_lines": 0}, "missing_lines": [182], "excluded_lines": []}, "": {"executed_lines": [1, 6, 7, 8, 10, 13, 14, 16, 20, 23, 28, 31, 36, 40, 47, 48, 50, 55, 60, 65, 68, 72, 79, 80, 82, 86, 89, 92, 97, 101, 108, 109, 111, 117, 120, 123, 129, 136, 137, 144, 148, 149, 152, 155, 158, 161, 164, 167, 170, 174, 180], "summary": {"covered_lines": 45, "num_statements": 45, "percent_covered": 100.0, "percent_covered_display": "100", "missing_lines": 0, "excluded_lines": 0}, "missing_lines": [], "excluded_lines": []}}}, "apps/shared/models/workspace.py": {"executed_lines": [1, 6, 8, 11, 12, 19, 23, 26, 29, 32, 34], "summary": {"covered_lines": 9, "num_statements": 9, "percent_covered": 100.0, "percent_covered_display": "100", "missing_lines": 0, "excluded_lines": 0}, "missing_lines": [], "excluded_lines": [], "functions": {"": {"executed_lines": [1, 6, 8, 11, 12, 19, 23, 26, 29, 32, 34], "summary": {"covered_lines": 9, "num_statements": 9, "percent_covered": 100.0, "percent_covered_display": "100", "missing_lines": 0, "excluded_lines": 0}, "missing_lines": [], "excluded_lines": []}}, "classes": {"Workspace": {"executed_lines": [], "summary": {"covered_lines": 0, "num_statements": 0, "percent_covered": 100.0, "percent_covered_display": "100", "missing_lines": 0, "excluded_lines": 0}, "missing_lines": [], "excluded_lines": []}, "": {"executed_lines": [1, 6, 8, 11, 12, 19, 23, 26, 29, 32, 34], "summary": {"covered_lines": 9, "num_statements": 9, "percent_covered": 100.0, "percent_covered_display": "100", "missing_lines": 0, "excluded_lines": 0}, "missing_lines": [], "excluded_lines": []}}}, "apps/shared/old_core.py": {"executed_lines": [], "summary": {"covered_lines": 0, "num_statements": 1268, "percent_covered": 0.0, "percent_covered_display": "0", "missing_lines": 1268, "excluded_lines": 5}, "missing_lines": [3, 4, 5, 6, 9, 10, 11, 12, 13, 15, 16, 17, 18, 19, 20, 21, 23, 29, 30, 33, 34, 38, 39, 40, 41, 42, 43, 46, 47, 51, 54, 56, 57, 58, 59, 61, 62, 64, 65, 68, 69, 70, 72, 73, 77, 78, 84, 85, 86, 87, 90, 91, 93, 94, 96, 97, 99, 100, 102, 103, 105, 106, 107, 108, 111, 112, 114, 115, 116, 117, 120, 121, 122, 124, 125, 127, 128, 130, 133, 134, 135, 136, 138, 141, 142, 143, 144, 146, 148, 150, 153, 154, 155, 156, 158, 159, 161, 162, 164, 165, 169, 171, 174, 175, 176, 177, 178, 179, 180, 181, 184, 186, 187, 188, 191, 192, 193, 196, 197, 200, 201, 204, 206, 207, 208, 209, 210, 211, 214, 215, 219, 223, 226, 227, 229, 231, 236, 243, 244, 245, 246, 249, 250, 254, 256, 257, 259, 261, 262, 263, 264, 267, 268, 270, 272, 273, 275, 287, 290, 291, 292, 298, 300, 303, 305, 306, 307, 310, 311, 312, 313, 314, 316, 319, 320, 322, 323, 324, 325, 327, 328, 329, 330, 334, 336, 337, 339, 341, 342, 343, 344, 347, 348, 350, 352, 353, 355, 367, 370, 371, 372, 378, 380, 383, 385, 386, 387, 390, 391, 392, 393, 394, 396, 398, 399, 400, 401, 405, 406, 411, 414, 425, 426, 429, 434, 435, 438, 440, 441, 444, 445, 448, 449, 452, 456, 458, 459, 463, 466, 469, 489, 500, 501, 504, 508, 511, 512, 514, 515, 516, 517, 521, 522, 523, 524, 526, 527, 529, 530, 532, 533, 536, 537, 541, 542, 543, 545, 548, 549, 550, 551, 553, 557, 560, 571, 596, 597, 598, 599, 600, 603, 604, 605, 606, 609, 610, 611, 612, 627, 628, 631, 632, 635, 637, 640, 641, 644, 645, 647, 649, 652, 653, 656, 657, 659, 669, 670, 681, 682, 685, 686, 699, 700, 712, 713, 716, 717, 718, 720, 722, 724, 725, 726, 727, 728, 730, 733, 736, 741, 743, 750, 757, 759, 760, 762, 764, 769, 770, 771, 772, 773, 776, 783, 785, 788, 791, 794, 795, 799, 800, 804, 806, 808, 810, 814, 816, 817, 819, 822, 823, 825, 828, 829, 831, 832, 834, 835, 836, 838, 839, 842, 844, 846, 849, 852, 854, 857, 864, 865, 866, 870, 871, 874, 881, 882, 884, 886, 887, 892, 900, 904, 905, 907, 910, 911, 918, 919, 922, 923, 925, 926, 929, 931, 933, 934, 937, 944, 945, 946, 950, 951, 954, 962, 963, 965, 966, 973, 974, 976, 977, 980, 982, 984, 989, 998, 1000, 1001, 1006, 1019, 1020, 1021, 1023, 1024, 1025, 1026, 1027, 1030, 1032, 1034, 1037, 1039, 1040, 1041, 1042, 1045, 1046, 1047, 1048, 1050, 1053, 1067, 1068, 1069, 1071, 1072, 1073, 1074, 1075, 1077, 1079, 1081, 1083, 1085, 1086, 1087, 1088, 1089, 1091, 1092, 1093, 1096, 1097, 1098, 1100, 1103, 1116, 1117, 1120, 1135, 1138, 1141, 1142, 1143, 1146, 1147, 1148, 1151, 1152, 1153, 1156, 1157, 1158, 1160, 1161, 1162, 1164, 1166, 1168, 1175, 1178, 1179, 1180, 1182, 1183, 1185, 1188, 1189, 1191, 1192, 1193, 1196, 1197, 1198, 1201, 1204, 1205, 1206, 1208, 1209, 1212, 1213, 1216, 1217, 1218, 1220, 1221, 1223, 1226, 1231, 1233, 1236, 1252, 1253, 1254, 1256, 1257, 1261, 1262, 1265, 1288, 1289, 1293, 1294, 1297, 1299, 1300, 1301, 1303, 1304, 1305, 1307, 1308, 1311, 1313, 1314, 1319, 1329, 1330, 1333, 1337, 1339, 1341, 1342, 1344, 1345, 1347, 1350, 1355, 1357, 1365, 1368, 1371, 1373, 1375, 1378, 1382, 1391, 1394, 1396, 1402, 1404, 1406, 1408, 1411, 1413, 1416, 1419, 1422, 1424, 1426, 1429, 1431, 1439, 1448, 1453, 1454, 1457, 1461, 1470, 1473, 1484, 1487, 1488, 1491, 1492, 1493, 1494, 1497, 1498, 1501, 1502, 1503, 1504, 1505, 1508, 1509, 1510, 1511, 1512, 1515, 1516, 1518, 1521, 1544, 1545, 1549, 1551, 1552, 1558, 1559, 1560, 1562, 1563, 1564, 1565, 1566, 1568, 1570, 1573, 1574, 1576, 1578, 1579, 1580, 1585, 1588, 1589, 1590, 1594, 1601, 1602, 1603, 1605, 1606, 1611, 1614, 1623, 1624, 1629, 1630, 1631, 1637, 1641, 1642, 1643, 1649, 1653, 1656, 1659, 1661, 1669, 1670, 1671, 1674, 1675, 1681, 1684, 1685, 1688, 1689, 1690, 1691, 1692, 1693, 1695, 1700, 1703, 1704, 1709, 1710, 1711, 1712, 1714, 1716, 1725, 1726, 1729, 1731, 1735, 1738, 1739, 1741, 1742, 1744, 1745, 1748, 1749, 1759, 1763, 1764, 1765, 1766, 1767, 1768, 1770, 1773, 1774, 1776, 1777, 1778, 1779, 1781, 1784, 1785, 1786, 1787, 1788, 1791, 1792, 1793, 1796, 1807, 1808, 1810, 1811, 1813, 1814, 1815, 1817, 1819, 1820, 1823, 1826, 1827, 1828, 1829, 1833, 1836, 1837, 1839, 1840, 1841, 1842, 1843, 1844, 1845, 1846, 1848, 1850, 1851, 1852, 1854, 1857, 1864, 1865, 1868, 1885, 1889, 1892, 1894, 1895, 1897, 1900, 1903, 1906, 1907, 1909, 1910, 1912, 1913, 1916, 1918, 1920, 1923, 1926, 1927, 1933, 1936, 1937, 1938, 1940, 1941, 1944, 1945, 1948, 1949, 1953, 1954, 1955, 1956, 1958, 1961, 1964, 1969, 1970, 1972, 1973, 1974, 1977, 1978, 1981, 1982, 1983, 1985, 1986, 1992, 1993, 1994, 1997, 2002, 2015, 2019, 2020, 2023, 2025, 2026, 2029, 2032, 2033, 2034, 2035, 2039, 2041, 2053, 2056, 2059, 2060, 2062, 2063, 2068, 2069, 2072, 2078, 2079, 2081, 2083, 2085, 2088, 2091, 2096, 2098, 2103, 2105, 2106, 2108, 2112, 2113, 2117, 2118, 2120, 2121, 2122, 2126, 2127, 2128, 2129, 2131, 2132, 2134, 2135, 2137, 2138, 2139, 2141, 2144, 2149, 2153, 2156, 2159, 2166, 2167, 2169, 2170, 2171, 2174, 2175, 2177, 2178, 2179, 2183, 2184, 2185, 2186, 2188, 2189, 2191, 2192, 2195, 2198, 2200, 2202, 2203, 2204, 2210, 2211, 2215, 2216, 2217, 2220, 2221, 2222, 2223, 2225, 2226, 2229, 2230, 2231, 2232, 2235, 2236, 2241, 2242, 2243, 2244, 2250, 2257, 2258, 2259, 2261, 2264, 2266, 2267, 2268, 2274, 2275, 2279, 2280, 2281, 2284, 2285, 2286, 2287, 2289, 2290, 2293, 2294, 2297, 2298, 2303, 2305, 2306, 2307, 2309, 2312, 2313, 2315, 2316, 2317, 2323, 2324, 2326, 2327, 2328, 2329, 2330, 2331, 2332, 2334, 2335, 2342, 2344, 2345, 2348, 2350, 2353, 2355, 2356, 2357, 2363, 2364, 2368, 2369, 2370, 2373, 2374, 2375, 2376, 2378, 2379, 2382, 2383, 2386, 2387, 2392, 2394, 2395, 2396, 2398, 2401, 2402, 2404, 2405, 2406, 2412, 2413, 2415, 2416, 2417, 2418, 2419, 2420, 2423, 2424, 2426, 2427, 2428, 2429, 2430, 2431, 2434, 2435, 2437, 2439, 2440, 2442, 2443, 2444, 2445, 2447, 2448, 2449, 2452, 2453, 2454, 2455, 2459, 2462, 2463, 2464, 2467, 2469, 2471, 2472, 2475, 2478, 2479, 2481, 2482, 2483, 2485, 2486, 2487, 2490, 2498, 2499, 2500, 2502, 2505, 2506, 2507, 2510, 2511, 2514, 2516, 2517, 2518, 2519, 2521, 2522, 2523, 2525, 2526, 2528, 2530, 2537, 2538, 2541, 2542, 2543, 2545, 2546, 2547, 2548, 2551, 2552, 2554, 2555, 2556, 2557, 2558, 2559, 2567, 2568, 2570, 2572, 2573, 2577, 2578, 2582, 2583, 2584, 2585, 2588, 2589, 2593, 2594, 2595, 2597, 2598, 2601, 2602, 2603, 2608, 2609, 2610, 2611, 2612, 2613, 2614, 2615, 2616, 2617, 2618, 2622, 2623, 2626, 2627, 2631, 2633, 2635, 2645, 2646, 2647, 2650, 2651, 2653, 2654, 2655, 2657, 2658, 2659, 2660, 2666, 2668, 2669, 2670, 2673, 2674, 2676, 2677, 2678, 2682, 2683, 2687, 2689, 2690, 2691, 2695, 2696, 2698, 2699, 2700, 2703, 2705, 2709, 2711, 2712, 2713, 2718, 2719, 2723, 2724, 2725, 2728, 2735, 2736, 2737, 2739, 2740, 2741, 2743, 2744, 2747, 2750, 2754, 2755, 2761, 2764, 2767, 2768, 2770, 2781, 2783, 2784, 2785, 2786, 2787, 2792, 2793, 2795, 2796, 2801, 2802, 2803, 2805, 2813, 2815, 2816, 2817, 2822, 2824, 2826, 2827, 2828, 2829, 2831, 2836, 2837, 2838, 2841, 2843, 2845, 2846, 2847, 2848, 2850, 2851, 2853, 2854, 2855, 2857, 2858, 2859, 2860, 2863, 2864, 2882, 2883, 2887, 2889, 2890, 2892, 2893, 2894, 2897, 2900, 2901, 2903, 2906, 2908, 2910, 2911, 2912, 2913, 2916, 2919, 2925, 2926, 2928, 2929, 2933, 2936, 2943, 2945, 2947, 2948, 2950, 2951], "excluded_lines": [2957, 2958, 2961, 2962, 2964], "functions": {"load_tutorial_tag_display": {"executed_lines": [], "summary": {"covered_lines": 0, "num_statements": 9, "percent_covered": 0.0, "percent_covered_display": "0", "missing_lines": 9, "excluded_lines": 0}, "missing_lines": [171, 174, 175, 176, 177, 178, 179, 180, 181], "excluded_lines": []}, "lifespan": {"executed_lines": [], "summary": {"covered_lines": 0, "num_statements": 11, "percent_covered": 0.0, "percent_covered_display": "0", "missing_lines": 11, "excluded_lines": 0}, "missing_lines": [204, 206, 207, 208, 209, 210, 211, 214, 215, 219, 223], "excluded_lines": []}, "load_tag_data": {"executed_lines": [], "summary": {"covered_lines": 0, "num_statements": 39, "percent_covered": 0.0, "percent_covered_display": "0", "missing_lines": 39, "excluded_lines": 0}, "missing_lines": [256, 257, 259, 261, 262, 263, 264, 267, 268, 270, 272, 273, 275, 287, 290, 291, 292, 298, 300, 303, 305, 306, 307, 310, 311, 312, 313, 314, 316, 319, 320, 322, 323, 324, 325, 327, 328, 329, 330], "excluded_lines": []}, "load_card_data": {"executed_lines": [], "summary": {"covered_lines": 0, "num_statements": 33, "percent_covered": 0.0, "percent_covered_display": "0", "missing_lines": 33, "excluded_lines": 0}, "missing_lines": [336, 337, 339, 341, 342, 343, 344, 347, 348, 350, 352, 353, 355, 367, 370, 371, 372, 378, 380, 383, 385, 386, 387, 390, 391, 392, 393, 394, 396, 398, 399, 400, 401], "excluded_lines": []}, "initialize_inverted_index": {"executed_lines": [], "summary": {"covered_lines": 0, "num_statements": 17, "percent_covered": 0.0, "percent_covered_display": "0", "missing_lines": 17, "excluded_lines": 0}, "missing_lines": [425, 426, 429, 434, 435, 438, 440, 441, 444, 445, 448, 449, 452, 456, 458, 459, 463], "excluded_lines": []}, "home": {"executed_lines": [], "summary": {"covered_lines": 0, "num_statements": 32, "percent_covered": 0.0, "percent_covered_display": "0", "missing_lines": 32, "excluded_lines": 0}, "missing_lines": [504, 508, 511, 512, 514, 515, 516, 517, 521, 522, 523, 524, 526, 527, 529, 530, 532, 533, 536, 537, 541, 542, 543, 545, 548, 549, 550, 551, 553, 557, 560, 571], "excluded_lines": []}, "callback": {"executed_lines": [], "summary": {"covered_lines": 0, "num_statements": 3, "percent_covered": 0.0, "percent_covered_display": "0", "missing_lines": 3, "excluded_lines": 0}, "missing_lines": [598, 599, 600], "excluded_lines": []}, "login": {"executed_lines": [], "summary": {"covered_lines": 0, "num_statements": 2, "percent_covered": 0.0, "percent_covered_display": "0", "missing_lines": 2, "excluded_lines": 0}, "missing_lines": [605, 606], "excluded_lines": []}, "logout": {"executed_lines": [], "summary": {"covered_lines": 0, "num_statements": 2, "percent_covered": 0.0, "percent_covered_display": "0", "missing_lines": 2, "excluded_lines": 0}, "missing_lines": [611, 612], "excluded_lines": []}, "test_login": {"executed_lines": [], "summary": {"covered_lines": 0, "num_statements": 4, "percent_covered": 0.0, "percent_covered_display": "0", "missing_lines": 4, "excluded_lines": 0}, "missing_lines": [631, 632, 635, 637], "excluded_lines": []}, "test_logout": {"executed_lines": [], "summary": {"covered_lines": 0, "num_statements": 4, "percent_covered": 0.0, "percent_covered_display": "0", "missing_lines": 4, "excluded_lines": 0}, "missing_lines": [644, 645, 647, 649], "excluded_lines": []}, "test_status": {"executed_lines": [], "summary": {"covered_lines": 0, "num_statements": 3, "percent_covered": 0.0, "percent_covered_display": "0", "missing_lines": 3, "excluded_lines": 0}, "missing_lines": [656, 657, 659], "excluded_lines": []}, "clear_tag_search": {"executed_lines": [], "summary": {"covered_lines": 0, "num_statements": 4, "percent_covered": 0.0, "percent_covered_display": "0", "missing_lines": 4, "excluded_lines": 0}, "missing_lines": [681, 682, 685, 686], "excluded_lines": []}, "search_tags": {"executed_lines": [], "summary": {"covered_lines": 0, "num_statements": 48, "percent_covered": 0.0, "percent_covered_display": "0", "missing_lines": 48, "excluded_lines": 0}, "missing_lines": [712, 713, 716, 717, 718, 720, 722, 724, 725, 726, 727, 728, 730, 733, 736, 741, 743, 750, 757, 759, 760, 762, 764, 769, 770, 771, 772, 773, 776, 783, 785, 788, 791, 794, 795, 799, 800, 804, 806, 808, 810, 814, 816, 817, 819, 822, 823, 825], "excluded_lines": []}, "remove_filter_tag": {"executed_lines": [], "summary": {"covered_lines": 0, "num_statements": 30, "percent_covered": 0.0, "percent_covered_display": "0", "missing_lines": 30, "excluded_lines": 0}, "missing_lines": [831, 832, 834, 835, 836, 838, 839, 842, 844, 846, 849, 852, 854, 857, 864, 865, 866, 870, 871, 874, 881, 882, 884, 886, 887, 892, 900, 904, 905, 907], "excluded_lines": []}, "filter_by_tags_stateless": {"executed_lines": [], "summary": {"covered_lines": 0, "num_statements": 32, "percent_covered": 0.0, "percent_covered_display": "0", "missing_lines": 32, "excluded_lines": 0}, "missing_lines": [918, 919, 922, 923, 925, 926, 929, 931, 933, 934, 937, 944, 945, 946, 950, 951, 954, 962, 963, 965, 966, 973, 974, 976, 977, 980, 982, 984, 989, 998, 1000, 1001], "excluded_lines": []}, "calculate_in_play_set": {"executed_lines": [], "summary": {"covered_lines": 0, "num_statements": 21, "percent_covered": 0.0, "percent_covered_display": "0", "missing_lines": 21, "excluded_lines": 0}, "missing_lines": [1019, 1020, 1021, 1023, 1024, 1025, 1026, 1027, 1030, 1032, 1034, 1037, 1039, 1040, 1041, 1042, 1045, 1046, 1047, 1048, 1050], "excluded_lines": []}, "calculate_in_play_set_optimized": {"executed_lines": [], "summary": {"covered_lines": 0, "num_statements": 24, "percent_covered": 0.0, "percent_covered_display": "0", "missing_lines": 24, "excluded_lines": 0}, "missing_lines": [1067, 1068, 1069, 1071, 1072, 1073, 1074, 1075, 1077, 1079, 1081, 1083, 1085, 1086, 1087, 1088, 1089, 1091, 1092, 1093, 1096, 1097, 1098, 1100], "excluded_lines": []}, "assign_colors_max_distance": {"executed_lines": [], "summary": {"covered_lines": 0, "num_statements": 34, "percent_covered": 0.0, "percent_covered_display": "0", "missing_lines": 34, "excluded_lines": 0}, "missing_lines": [1116, 1117, 1120, 1135, 1166, 1175, 1178, 1179, 1180, 1182, 1183, 1185, 1188, 1189, 1191, 1192, 1193, 1196, 1197, 1198, 1201, 1204, 1205, 1206, 1208, 1209, 1212, 1213, 1216, 1217, 1218, 1220, 1221, 1223], "excluded_lines": []}, "assign_colors_max_distance.rgb_to_lab": {"executed_lines": [], "summary": {"covered_lines": 0, "num_statements": 17, "percent_covered": 0.0, "percent_covered_display": "0", "missing_lines": 17, "excluded_lines": 0}, "missing_lines": [1138, 1141, 1142, 1143, 1146, 1147, 1148, 1151, 1152, 1153, 1156, 1157, 1158, 1160, 1161, 1162, 1164], "excluded_lines": []}, "assign_colors_max_distance.color_distance": {"executed_lines": [], "summary": {"covered_lines": 0, "num_statements": 1, "percent_covered": 0.0, "percent_covered_display": "0", "missing_lines": 1, "excluded_lines": 0}, "missing_lines": [1168], "excluded_lines": []}, "generate_color_style_tag": {"executed_lines": [], "summary": {"covered_lines": 0, "num_statements": 10, "percent_covered": 0.0, "percent_covered_display": "0", "missing_lines": 10, "excluded_lines": 0}, "missing_lines": [1231, 1233, 1236, 1252, 1253, 1254, 1256, 1257, 1261, 1262], "excluded_lines": []}, "render_dimensional_table": {"executed_lines": [], "summary": {"covered_lines": 0, "num_statements": 19, "percent_covered": 0.0, "percent_covered_display": "0", "missing_lines": 19, "excluded_lines": 0}, "missing_lines": [1288, 1289, 1293, 1294, 1297, 1299, 1300, 1301, 1303, 1304, 1305, 1307, 1308, 1311, 1313, 1314, 1319, 1329, 1330], "excluded_lines": []}, "generate_table_html": {"executed_lines": [], "summary": {"covered_lines": 0, "num_statements": 8, "percent_covered": 0.0, "percent_covered_display": "0", "missing_lines": 8, "excluded_lines": 0}, "missing_lines": [1337, 1339, 1341, 1342, 1344, 1345, 1347, 1350], "excluded_lines": []}, "render_single_cell_table": {"executed_lines": [], "summary": {"covered_lines": 0, "num_statements": 2, "percent_covered": 0.0, "percent_covered_display": "0", "missing_lines": 2, "excluded_lines": 0}, "missing_lines": [1357, 1365], "excluded_lines": []}, "render_columns_as_table": {"executed_lines": [], "summary": {"covered_lines": 0, "num_statements": 6, "percent_covered": 0.0, "percent_covered_display": "0", "missing_lines": 6, "excluded_lines": 0}, "missing_lines": [1371, 1373, 1375, 1378, 1382, 1391], "excluded_lines": []}, "render_single_card_html": {"executed_lines": [], "summary": {"covered_lines": 0, "num_statements": 8, "percent_covered": 0.0, "percent_covered_display": "0", "missing_lines": 8, "excluded_lines": 0}, "missing_lines": [1396, 1402, 1404, 1406, 1408, 1411, 1413, 1416], "excluded_lines": []}, "render_rows_as_table": {"executed_lines": [], "summary": {"covered_lines": 0, "num_statements": 6, "percent_covered": 0.0, "percent_covered_display": "0", "missing_lines": 6, "excluded_lines": 0}, "missing_lines": [1422, 1424, 1426, 1429, 1431, 1439], "excluded_lines": []}, "render_2d_grid_table": {"executed_lines": [], "summary": {"covered_lines": 0, "num_statements": 5, "percent_covered": 0.0, "percent_covered_display": "0", "missing_lines": 5, "excluded_lines": 0}, "missing_lines": [1453, 1454, 1457, 1461, 1470], "excluded_lines": []}, "partition_cards_into_grid": {"executed_lines": [], "summary": {"covered_lines": 0, "num_statements": 22, "percent_covered": 0.0, "percent_covered_display": "0", "missing_lines": 22, "excluded_lines": 0}, "missing_lines": [1484, 1487, 1488, 1491, 1492, 1493, 1494, 1497, 1498, 1501, 1502, 1503, 1504, 1505, 1508, 1509, 1510, 1511, 1512, 1515, 1516, 1518], "excluded_lines": []}, "render_card_display": {"executed_lines": [], "summary": {"covered_lines": 0, "num_statements": 50, "percent_covered": 0.0, "percent_covered_display": "0", "missing_lines": 50, "excluded_lines": 0}, "missing_lines": [1544, 1545, 1549, 1551, 1552, 1558, 1559, 1560, 1562, 1563, 1564, 1565, 1566, 1568, 1570, 1573, 1574, 1576, 1578, 1579, 1580, 1585, 1588, 1589, 1590, 1594, 1601, 1602, 1603, 1605, 1606, 1611, 1614, 1623, 1624, 1629, 1630, 1631, 1637, 1641, 1642, 1643, 1649, 1653, 1656, 1659, 1661, 1669, 1670, 1671], "excluded_lines": []}, "filter_from_dom": {"executed_lines": [], "summary": {"covered_lines": 0, "num_statements": 32, "percent_covered": 0.0, "percent_covered_display": "0", "missing_lines": 32, "excluded_lines": 0}, "missing_lines": [1681, 1684, 1685, 1688, 1689, 1690, 1691, 1692, 1693, 1695, 1700, 1703, 1704, 1709, 1710, 1711, 1712, 1714, 1716, 1725, 1726, 1729, 1731, 1735, 1738, 1739, 1741, 1742, 1744, 1745, 1748, 1749], "excluded_lines": []}, "apply_union_intersection_filtering": {"executed_lines": [], "summary": {"covered_lines": 0, "num_statements": 23, "percent_covered": 0.0, "percent_covered_display": "0", "missing_lines": 23, "excluded_lines": 0}, "missing_lines": [1763, 1764, 1765, 1766, 1767, 1768, 1770, 1773, 1774, 1776, 1777, 1778, 1779, 1781, 1784, 1785, 1786, 1787, 1788, 1791, 1792, 1793, 1796], "excluded_lines": []}, "toggle_render_mode": {"executed_lines": [], "summary": {"covered_lines": 0, "num_statements": 41, "percent_covered": 0.0, "percent_covered_display": "0", "missing_lines": 41, "excluded_lines": 0}, "missing_lines": [1810, 1811, 1813, 1814, 1815, 1817, 1819, 1820, 1823, 1826, 1827, 1828, 1829, 1833, 1836, 1837, 1839, 1840, 1841, 1842, 1843, 1844, 1845, 1846, 1848, 1850, 1851, 1852, 1854, 1857, 1864, 1865, 1868, 1885, 1889, 1892, 1894, 1895, 1897, 1900, 1903], "excluded_lines": []}, "toggle_dataset": {"executed_lines": [], "summary": {"covered_lines": 0, "num_statements": 59, "percent_covered": 0.0, "percent_covered_display": "0", "missing_lines": 59, "excluded_lines": 0}, "missing_lines": [1909, 1910, 1912, 1913, 1916, 1918, 1920, 1923, 1926, 1927, 1933, 1936, 1937, 1938, 1940, 1941, 1944, 1945, 1948, 1949, 1953, 1954, 1955, 1956, 1958, 1961, 1964, 1969, 1970, 1972, 1973, 1974, 1977, 1978, 1981, 1982, 1983, 1985, 1986, 1992, 1993, 1994, 1997, 2002, 2015, 2019, 2020, 2023, 2025, 2026, 2029, 2032, 2033, 2034, 2035, 2039, 2041, 2053, 2056], "excluded_lines": []}, "switch_dataset": {"executed_lines": [], "summary": {"covered_lines": 0, "num_statements": 18, "percent_covered": 0.0, "percent_covered_display": "0", "missing_lines": 18, "excluded_lines": 0}, "missing_lines": [2062, 2063, 2068, 2069, 2072, 2078, 2079, 2081, 2083, 2085, 2088, 2091, 2096, 2098, 2103, 2105, 2106, 2108], "excluded_lines": []}, "move_zone": {"executed_lines": [], "summary": {"covered_lines": 0, "num_statements": 27, "percent_covered": 0.0, "percent_covered_display": "0", "missing_lines": 27, "excluded_lines": 0}, "missing_lines": [2117, 2118, 2120, 2121, 2122, 2126, 2127, 2128, 2129, 2131, 2132, 2134, 2135, 2137, 2138, 2139, 2141, 2144, 2149, 2153, 2156, 2159, 2166, 2167, 2169, 2170, 2171], "excluded_lines": []}, "get_zone_layout": {"executed_lines": [], "summary": {"covered_lines": 0, "num_statements": 17, "percent_covered": 0.0, "percent_covered_display": "0", "missing_lines": 17, "excluded_lines": 0}, "missing_lines": [2177, 2178, 2179, 2183, 2184, 2185, 2186, 2188, 2189, 2191, 2192, 2195, 2198, 2200, 2202, 2203, 2204], "excluded_lines": []}, "save_view": {"executed_lines": [], "summary": {"covered_lines": 0, "num_statements": 28, "percent_covered": 0.0, "percent_covered_display": "0", "missing_lines": 28, "excluded_lines": 0}, "missing_lines": [2215, 2216, 2217, 2220, 2221, 2222, 2223, 2225, 2226, 2229, 2230, 2231, 2232, 2235, 2236, 2241, 2242, 2243, 2244, 2250, 2257, 2258, 2259, 2261, 2264, 2266, 2267, 2268], "excluded_lines": []}, "recall_view": {"executed_lines": [], "summary": {"covered_lines": 0, "num_statements": 23, "percent_covered": 0.0, "percent_covered_display": "0", "missing_lines": 23, "excluded_lines": 0}, "missing_lines": [2279, 2280, 2281, 2284, 2285, 2286, 2287, 2289, 2290, 2293, 2294, 2297, 2298, 2303, 2305, 2306, 2307, 2309, 2312, 2313, 2315, 2316, 2317], "excluded_lines": []}, "list_views": {"executed_lines": [], "summary": {"covered_lines": 0, "num_statements": 18, "percent_covered": 0.0, "percent_covered_display": "0", "missing_lines": 18, "excluded_lines": 0}, "missing_lines": [2326, 2327, 2328, 2329, 2330, 2331, 2332, 2334, 2335, 2342, 2344, 2345, 2348, 2350, 2353, 2355, 2356, 2357], "excluded_lines": []}, "delete_view": {"executed_lines": [], "summary": {"covered_lines": 0, "num_statements": 23, "percent_covered": 0.0, "percent_covered_display": "0", "missing_lines": 23, "excluded_lines": 0}, "missing_lines": [2368, 2369, 2370, 2373, 2374, 2375, 2376, 2378, 2379, 2382, 2383, 2386, 2387, 2392, 2394, 2395, 2396, 2398, 2401, 2402, 2404, 2405, 2406], "excluded_lines": []}, "health_endpoint": {"executed_lines": [], "summary": {"covered_lines": 0, "num_statements": 6, "percent_covered": 0.0, "percent_covered_display": "0", "missing_lines": 6, "excluded_lines": 0}, "missing_lines": [2415, 2416, 2417, 2418, 2419, 2420], "excluded_lines": []}, "tier_info_endpoint": {"executed_lines": [], "summary": {"covered_lines": 0, "num_statements": 6, "percent_covered": 0.0, "percent_covered_display": "0", "missing_lines": 6, "excluded_lines": 0}, "missing_lines": [2426, 2427, 2428, 2429, 2430, 2431], "excluded_lines": []}, "get_tutorial_tags": {"executed_lines": [], "summary": {"covered_lines": 0, "num_statements": 18, "percent_covered": 0.0, "percent_covered_display": "0", "missing_lines": 18, "excluded_lines": 0}, "missing_lines": [2437, 2439, 2440, 2442, 2443, 2444, 2445, 2447, 2448, 2449, 2452, 2453, 2454, 2455, 2459, 2462, 2463, 2464], "excluded_lines": []}, "get_dynamic_database_connection": {"executed_lines": [], "summary": {"covered_lines": 0, "num_statements": 3, "percent_covered": 0.0, "percent_covered_display": "0", "missing_lines": 3, "excluded_lines": 0}, "missing_lines": [2469, 2471, 2472], "excluded_lines": []}, "get_available_databases": {"executed_lines": [], "summary": {"covered_lines": 0, "num_statements": 39, "percent_covered": 0.0, "percent_covered_display": "0", "missing_lines": 39, "excluded_lines": 0}, "missing_lines": [2478, 2479, 2481, 2482, 2483, 2485, 2486, 2487, 2490, 2498, 2499, 2500, 2502, 2505, 2506, 2507, 2510, 2511, 2514, 2516, 2517, 2518, 2519, 2521, 2522, 2523, 2525, 2526, 2528, 2530, 2537, 2538, 2541, 2542, 2543, 2545, 2546, 2547, 2548], "excluded_lines": []}, "get_databases": {"executed_lines": [], "summary": {"covered_lines": 0, "num_statements": 6, "percent_covered": 0.0, "percent_covered_display": "0", "missing_lines": 6, "excluded_lines": 0}, "missing_lines": [2554, 2555, 2556, 2557, 2558, 2559], "excluded_lines": []}, "get_current_database": {"executed_lines": [], "summary": {"covered_lines": 0, "num_statements": 9, "percent_covered": 0.0, "percent_covered_display": "0", "missing_lines": 9, "excluded_lines": 0}, "missing_lines": [2570, 2572, 2573, 2577, 2578, 2582, 2583, 2584, 2585], "excluded_lines": []}, "select_database": {"executed_lines": [], "summary": {"covered_lines": 0, "num_statements": 29, "percent_covered": 0.0, "percent_covered_display": "0", "missing_lines": 29, "excluded_lines": 0}, "missing_lines": [2593, 2594, 2595, 2597, 2598, 2601, 2602, 2603, 2608, 2609, 2610, 2611, 2612, 2613, 2614, 2615, 2616, 2617, 2618, 2622, 2623, 2626, 2627, 2631, 2633, 2635, 2645, 2646, 2647], "excluded_lines": []}, "get_database_options": {"executed_lines": [], "summary": {"covered_lines": 0, "num_statements": 11, "percent_covered": 0.0, "percent_covered_display": "0", "missing_lines": 11, "excluded_lines": 0}, "missing_lines": [2653, 2654, 2655, 2657, 2658, 2659, 2660, 2666, 2668, 2669, 2670], "excluded_lines": []}, "get_current_database_info": {"executed_lines": [], "summary": {"covered_lines": 0, "num_statements": 9, "percent_covered": 0.0, "percent_covered_display": "0", "missing_lines": 9, "excluded_lines": 0}, "missing_lines": [2676, 2677, 2678, 2682, 2683, 2687, 2689, 2690, 2691], "excluded_lines": []}, "list_available_projects": {"executed_lines": [], "summary": {"covered_lines": 0, "num_statements": 9, "percent_covered": 0.0, "percent_covered_display": "0", "missing_lines": 9, "excluded_lines": 0}, "missing_lines": [2698, 2699, 2700, 2703, 2705, 2709, 2711, 2712, 2713], "excluded_lines": []}, "switch_project": {"executed_lines": [], "summary": {"covered_lines": 0, "num_statements": 27, "percent_covered": 0.0, "percent_covered_display": "0", "missing_lines": 27, "excluded_lines": 0}, "missing_lines": [2723, 2724, 2725, 2728, 2735, 2736, 2737, 2739, 2740, 2741, 2743, 2744, 2747, 2750, 2754, 2755, 2761, 2764, 2767, 2768, 2770, 2781, 2783, 2784, 2785, 2786, 2787], "excluded_lines": []}, "get_current_project_info": {"executed_lines": [], "summary": {"covered_lines": 0, "num_statements": 10, "percent_covered": 0.0, "percent_covered_display": "0", "missing_lines": 10, "excluded_lines": 0}, "missing_lines": [2795, 2796, 2801, 2802, 2803, 2805, 2813, 2815, 2816, 2817], "excluded_lines": []}, "render_cards_for_workspace": {"executed_lines": [], "summary": {"covered_lines": 0, "num_statements": 9, "percent_covered": 0.0, "percent_covered_display": "0", "missing_lines": 9, "excluded_lines": 0}, "missing_lines": [2824, 2826, 2827, 2828, 2829, 2831, 2836, 2837, 2838], "excluded_lines": []}, "render_tags_for_workspace": {"executed_lines": [], "summary": {"covered_lines": 0, "num_statements": 14, "percent_covered": 0.0, "percent_covered_display": "0", "missing_lines": 14, "excluded_lines": 0}, "missing_lines": [2843, 2845, 2846, 2847, 2848, 2850, 2851, 2853, 2854, 2855, 2857, 2858, 2859, 2860], "excluded_lines": []}, "handle_checkbox_dispatch": {"executed_lines": [], "summary": {"covered_lines": 0, "num_statements": 32, "percent_covered": 0.0, "percent_covered_display": "0", "missing_lines": 32, "excluded_lines": 0}, "missing_lines": [2882, 2883, 2887, 2889, 2890, 2892, 2893, 2894, 2897, 2900, 2901, 2903, 2906, 2908, 2910, 2911, 2912, 2913, 2916, 2919, 2925, 2926, 2928, 2929, 2933, 2936, 2943, 2945, 2947, 2948, 2950, 2951], "excluded_lines": []}, "": {"executed_lines": [], "summary": {"covered_lines": 0, "num_statements": 216, "percent_covered": 0.0, "percent_covered_display": "0", "missing_lines": 216, "excluded_lines": 5}, "missing_lines": [3, 4, 5, 6, 9, 10, 11, 12, 13, 15, 16, 17, 18, 19, 20, 21, 23, 29, 30, 33, 34, 38, 39, 40, 41, 42, 43, 46, 47, 51, 54, 56, 57, 58, 59, 61, 62, 64, 65, 68, 69, 70, 72, 73, 77, 78, 84, 85, 86, 87, 90, 91, 93, 94, 96, 97, 99, 100, 102, 103, 105, 106, 107, 108, 111, 112, 114, 115, 116, 117, 120, 121, 122, 124, 125, 127, 128, 130, 133, 134, 135, 136, 138, 141, 142, 143, 144, 146, 148, 150, 153, 154, 155, 156, 158, 159, 161, 162, 164, 165, 169, 184, 186, 187, 188, 191, 192, 193, 196, 197, 200, 201, 226, 227, 229, 231, 236, 243, 244, 245, 246, 249, 250, 254, 334, 405, 406, 411, 414, 466, 469, 489, 500, 501, 596, 597, 603, 604, 609, 610, 627, 628, 640, 641, 652, 653, 669, 670, 699, 700, 828, 829, 910, 911, 1006, 1053, 1103, 1226, 1265, 1333, 1355, 1368, 1394, 1419, 1448, 1473, 1521, 1674, 1675, 1759, 1807, 1808, 1906, 1907, 2059, 2060, 2112, 2113, 2174, 2175, 2210, 2211, 2274, 2275, 2323, 2324, 2363, 2364, 2412, 2413, 2423, 2424, 2434, 2435, 2467, 2475, 2551, 2552, 2567, 2568, 2588, 2589, 2650, 2651, 2673, 2674, 2695, 2696, 2718, 2719, 2792, 2793, 2822, 2841, 2863, 2864], "excluded_lines": [2957, 2958, 2961, 2962, 2964]}}, "classes": {"": {"executed_lines": [], "summary": {"covered_lines": 0, "num_statements": 1268, "percent_covered": 0.0, "percent_covered_display": "0", "missing_lines": 1268, "excluded_lines": 5}, "missing_lines": [3, 4, 5, 6, 9, 10, 11, 12, 13, 15, 16, 17, 18, 19, 20, 21, 23, 29, 30, 33, 34, 38, 39, 40, 41, 42, 43, 46, 47, 51, 54, 56, 57, 58, 59, 61, 62, 64, 65, 68, 69, 70, 72, 73, 77, 78, 84, 85, 86, 87, 90, 91, 93, 94, 96, 97, 99, 100, 102, 103, 105, 106, 107, 108, 111, 112, 114, 115, 116, 117, 120, 121, 122, 124, 125, 127, 128, 130, 133, 134, 135, 136, 138, 141, 142, 143, 144, 146, 148, 150, 153, 154, 155, 156, 158, 159, 161, 162, 164, 165, 169, 171, 174, 175, 176, 177, 178, 179, 180, 181, 184, 186, 187, 188, 191, 192, 193, 196, 197, 200, 201, 204, 206, 207, 208, 209, 210, 211, 214, 215, 219, 223, 226, 227, 229, 231, 236, 243, 244, 245, 246, 249, 250, 254, 256, 257, 259, 261, 262, 263, 264, 267, 268, 270, 272, 273, 275, 287, 290, 291, 292, 298, 300, 303, 305, 306, 307, 310, 311, 312, 313, 314, 316, 319, 320, 322, 323, 324, 325, 327, 328, 329, 330, 334, 336, 337, 339, 341, 342, 343, 344, 347, 348, 350, 352, 353, 355, 367, 370, 371, 372, 378, 380, 383, 385, 386, 387, 390, 391, 392, 393, 394, 396, 398, 399, 400, 401, 405, 406, 411, 414, 425, 426, 429, 434, 435, 438, 440, 441, 444, 445, 448, 449, 452, 456, 458, 459, 463, 466, 469, 489, 500, 501, 504, 508, 511, 512, 514, 515, 516, 517, 521, 522, 523, 524, 526, 527, 529, 530, 532, 533, 536, 537, 541, 542, 543, 545, 548, 549, 550, 551, 553, 557, 560, 571, 596, 597, 598, 599, 600, 603, 604, 605, 606, 609, 610, 611, 612, 627, 628, 631, 632, 635, 637, 640, 641, 644, 645, 647, 649, 652, 653, 656, 657, 659, 669, 670, 681, 682, 685, 686, 699, 700, 712, 713, 716, 717, 718, 720, 722, 724, 725, 726, 727, 728, 730, 733, 736, 741, 743, 750, 757, 759, 760, 762, 764, 769, 770, 771, 772, 773, 776, 783, 785, 788, 791, 794, 795, 799, 800, 804, 806, 808, 810, 814, 816, 817, 819, 822, 823, 825, 828, 829, 831, 832, 834, 835, 836, 838, 839, 842, 844, 846, 849, 852, 854, 857, 864, 865, 866, 870, 871, 874, 881, 882, 884, 886, 887, 892, 900, 904, 905, 907, 910, 911, 918, 919, 922, 923, 925, 926, 929, 931, 933, 934, 937, 944, 945, 946, 950, 951, 954, 962, 963, 965, 966, 973, 974, 976, 977, 980, 982, 984, 989, 998, 1000, 1001, 1006, 1019, 1020, 1021, 1023, 1024, 1025, 1026, 1027, 1030, 1032, 1034, 1037, 1039, 1040, 1041, 1042, 1045, 1046, 1047, 1048, 1050, 1053, 1067, 1068, 1069, 1071, 1072, 1073, 1074, 1075, 1077, 1079, 1081, 1083, 1085, 1086, 1087, 1088, 1089, 1091, 1092, 1093, 1096, 1097, 1098, 1100, 1103, 1116, 1117, 1120, 1135, 1138, 1141, 1142, 1143, 1146, 1147, 1148, 1151, 1152, 1153, 1156, 1157, 1158, 1160, 1161, 1162, 1164, 1166, 1168, 1175, 1178, 1179, 1180, 1182, 1183, 1185, 1188, 1189, 1191, 1192, 1193, 1196, 1197, 1198, 1201, 1204, 1205, 1206, 1208, 1209, 1212, 1213, 1216, 1217, 1218, 1220, 1221, 1223, 1226, 1231, 1233, 1236, 1252, 1253, 1254, 1256, 1257, 1261, 1262, 1265, 1288, 1289, 1293, 1294, 1297, 1299, 1300, 1301, 1303, 1304, 1305, 1307, 1308, 1311, 1313, 1314, 1319, 1329, 1330, 1333, 1337, 1339, 1341, 1342, 1344, 1345, 1347, 1350, 1355, 1357, 1365, 1368, 1371, 1373, 1375, 1378, 1382, 1391, 1394, 1396, 1402, 1404, 1406, 1408, 1411, 1413, 1416, 1419, 1422, 1424, 1426, 1429, 1431, 1439, 1448, 1453, 1454, 1457, 1461, 1470, 1473, 1484, 1487, 1488, 1491, 1492, 1493, 1494, 1497, 1498, 1501, 1502, 1503, 1504, 1505, 1508, 1509, 1510, 1511, 1512, 1515, 1516, 1518, 1521, 1544, 1545, 1549, 1551, 1552, 1558, 1559, 1560, 1562, 1563, 1564, 1565, 1566, 1568, 1570, 1573, 1574, 1576, 1578, 1579, 1580, 1585, 1588, 1589, 1590, 1594, 1601, 1602, 1603, 1605, 1606, 1611, 1614, 1623, 1624, 1629, 1630, 1631, 1637, 1641, 1642, 1643, 1649, 1653, 1656, 1659, 1661, 1669, 1670, 1671, 1674, 1675, 1681, 1684, 1685, 1688, 1689, 1690, 1691, 1692, 1693, 1695, 1700, 1703, 1704, 1709, 1710, 1711, 1712, 1714, 1716, 1725, 1726, 1729, 1731, 1735, 1738, 1739, 1741, 1742, 1744, 1745, 1748, 1749, 1759, 1763, 1764, 1765, 1766, 1767, 1768, 1770, 1773, 1774, 1776, 1777, 1778, 1779, 1781, 1784, 1785, 1786, 1787, 1788, 1791, 1792, 1793, 1796, 1807, 1808, 1810, 1811, 1813, 1814, 1815, 1817, 1819, 1820, 1823, 1826, 1827, 1828, 1829, 1833, 1836, 1837, 1839, 1840, 1841, 1842, 1843, 1844, 1845, 1846, 1848, 1850, 1851, 1852, 1854, 1857, 1864, 1865, 1868, 1885, 1889, 1892, 1894, 1895, 1897, 1900, 1903, 1906, 1907, 1909, 1910, 1912, 1913, 1916, 1918, 1920, 1923, 1926, 1927, 1933, 1936, 1937, 1938, 1940, 1941, 1944, 1945, 1948, 1949, 1953, 1954, 1955, 1956, 1958, 1961, 1964, 1969, 1970, 1972, 1973, 1974, 1977, 1978, 1981, 1982, 1983, 1985, 1986, 1992, 1993, 1994, 1997, 2002, 2015, 2019, 2020, 2023, 2025, 2026, 2029, 2032, 2033, 2034, 2035, 2039, 2041, 2053, 2056, 2059, 2060, 2062, 2063, 2068, 2069, 2072, 2078, 2079, 2081, 2083, 2085, 2088, 2091, 2096, 2098, 2103, 2105, 2106, 2108, 2112, 2113, 2117, 2118, 2120, 2121, 2122, 2126, 2127, 2128, 2129, 2131, 2132, 2134, 2135, 2137, 2138, 2139, 2141, 2144, 2149, 2153, 2156, 2159, 2166, 2167, 2169, 2170, 2171, 2174, 2175, 2177, 2178, 2179, 2183, 2184, 2185, 2186, 2188, 2189, 2191, 2192, 2195, 2198, 2200, 2202, 2203, 2204, 2210, 2211, 2215, 2216, 2217, 2220, 2221, 2222, 2223, 2225, 2226, 2229, 2230, 2231, 2232, 2235, 2236, 2241, 2242, 2243, 2244, 2250, 2257, 2258, 2259, 2261, 2264, 2266, 2267, 2268, 2274, 2275, 2279, 2280, 2281, 2284, 2285, 2286, 2287, 2289, 2290, 2293, 2294, 2297, 2298, 2303, 2305, 2306, 2307, 2309, 2312, 2313, 2315, 2316, 2317, 2323, 2324, 2326, 2327, 2328, 2329, 2330, 2331, 2332, 2334, 2335, 2342, 2344, 2345, 2348, 2350, 2353, 2355, 2356, 2357, 2363, 2364, 2368, 2369, 2370, 2373, 2374, 2375, 2376, 2378, 2379, 2382, 2383, 2386, 2387, 2392, 2394, 2395, 2396, 2398, 2401, 2402, 2404, 2405, 2406, 2412, 2413, 2415, 2416, 2417, 2418, 2419, 2420, 2423, 2424, 2426, 2427, 2428, 2429, 2430, 2431, 2434, 2435, 2437, 2439, 2440, 2442, 2443, 2444, 2445, 2447, 2448, 2449, 2452, 2453, 2454, 2455, 2459, 2462, 2463, 2464, 2467, 2469, 2471, 2472, 2475, 2478, 2479, 2481, 2482, 2483, 2485, 2486, 2487, 2490, 2498, 2499, 2500, 2502, 2505, 2506, 2507, 2510, 2511, 2514, 2516, 2517, 2518, 2519, 2521, 2522, 2523, 2525, 2526, 2528, 2530, 2537, 2538, 2541, 2542, 2543, 2545, 2546, 2547, 2548, 2551, 2552, 2554, 2555, 2556, 2557, 2558, 2559, 2567, 2568, 2570, 2572, 2573, 2577, 2578, 2582, 2583, 2584, 2585, 2588, 2589, 2593, 2594, 2595, 2597, 2598, 2601, 2602, 2603, 2608, 2609, 2610, 2611, 2612, 2613, 2614, 2615, 2616, 2617, 2618, 2622, 2623, 2626, 2627, 2631, 2633, 2635, 2645, 2646, 2647, 2650, 2651, 2653, 2654, 2655, 2657, 2658, 2659, 2660, 2666, 2668, 2669, 2670, 2673, 2674, 2676, 2677, 2678, 2682, 2683, 2687, 2689, 2690, 2691, 2695, 2696, 2698, 2699, 2700, 2703, 2705, 2709, 2711, 2712, 2713, 2718, 2719, 2723, 2724, 2725, 2728, 2735, 2736, 2737, 2739, 2740, 2741, 2743, 2744, 2747, 2750, 2754, 2755, 2761, 2764, 2767, 2768, 2770, 2781, 2783, 2784, 2785, 2786, 2787, 2792, 2793, 2795, 2796, 2801, 2802, 2803, 2805, 2813, 2815, 2816, 2817, 2822, 2824, 2826, 2827, 2828, 2829, 2831, 2836, 2837, 2838, 2841, 2843, 2845, 2846, 2847, 2848, 2850, 2851, 2853, 2854, 2855, 2857, 2858, 2859, 2860, 2863, 2864, 2882, 2883, 2887, 2889, 2890, 2892, 2893, 2894, 2897, 2900, 2901, 2903, 2906, 2908, 2910, 2911, 2912, 2913, 2916, 2919, 2925, 2926, 2928, 2929, 2933, 2936, 2943, 2945, 2947, 2948, 2950, 2951], "excluded_lines": [2957, 2958, 2961, 2962, 2964]}}}, "apps/shared/protocols/__init__.py": {"executed_lines": [], "summary": {"covered_lines": 0, "num_statements": 0, "percent_covered": 100.0, "percent_covered_display": "100", "missing_lines": 0, "excluded_lines": 0}, "missing_lines": [], "excluded_lines": [], "functions": {"": {"executed_lines": [], "summary": {"covered_lines": 0, "num_statements": 0, "percent_covered": 100.0, "percent_covered_display": "100", "missing_lines": 0, "excluded_lines": 0}, "missing_lines": [], "excluded_lines": []}}, "classes": {"": {"executed_lines": [], "summary": {"covered_lines": 0, "num_statements": 0, "percent_covered": 100.0, "percent_covered_display": "100", "missing_lines": 0, "excluded_lines": 0}, "missing_lines": [], "excluded_lines": []}}}, "apps/shared/storage_strategy.py": {"executed_lines": [], "summary": {"covered_lines": 0, "num_statements": 141, "percent_covered": 0.0, "percent_covered_display": "0", "missing_lines": 141, "excluded_lines": 24}, "missing_lines": [6, 7, 8, 9, 11, 12, 13, 16, 17, 20, 21, 22, 23, 26, 60, 66, 67, 68, 69, 72, 73, 74, 76, 78, 99, 101, 103, 104, 106, 107, 108, 109, 111, 112, 113, 115, 117, 119, 120, 121, 123, 125, 126, 127, 129, 134, 136, 137, 138, 139, 142, 143, 144, 145, 146, 148, 151, 153, 155, 157, 161, 163, 164, 166, 167, 174, 176, 177, 178, 180, 187, 190, 192, 194, 196, 199, 200, 203, 204, 205, 206, 207, 209, 211, 212, 214, 215, 217, 218, 219, 221, 223, 225, 227, 229, 232, 238, 239, 240, 241, 242, 244, 246, 248, 250, 252, 255, 258, 259, 260, 262, 264, 266, 268, 269, 270, 272, 274, 279, 280, 282, 283, 284, 285, 286, 287, 288, 290, 293, 295, 297, 299, 301, 304, 315, 317, 318, 319, 320, 322, 324], "excluded_lines": [29, 30, 31, 32, 34, 35, 36, 37, 39, 40, 41, 42, 44, 45, 46, 47, 49, 50, 51, 52, 54, 55, 56, 57], "functions": {"StorageStrategy.get_cards_by_tags": {"executed_lines": [], "summary": {"covered_lines": 0, "num_statements": 0, "percent_covered": 100.0, "percent_covered_display": "100", "missing_lines": 0, "excluded_lines": 2}, "missing_lines": [], "excluded_lines": [31, 32]}, "StorageStrategy.get_card_by_id": {"executed_lines": [], "summary": {"covered_lines": 0, "num_statements": 0, "percent_covered": 100.0, "percent_covered_display": "100", "missing_lines": 0, "excluded_lines": 2}, "missing_lines": [], "excluded_lines": [36, 37]}, "StorageStrategy.save_card": {"executed_lines": [], "summary": {"covered_lines": 0, "num_statements": 0, "percent_covered": 100.0, "percent_covered_display": "100", "missing_lines": 0, "excluded_lines": 2}, "missing_lines": [], "excluded_lines": [41, 42]}, "StorageStrategy.delete_card": {"executed_lines": [], "summary": {"covered_lines": 0, "num_statements": 0, "percent_covered": 100.0, "percent_covered_display": "100", "missing_lines": 0, "excluded_lines": 2}, "missing_lines": [], "excluded_lines": [46, 47]}, "StorageStrategy.can_sync": {"executed_lines": [], "summary": {"covered_lines": 0, "num_statements": 0, "percent_covered": 100.0, "percent_covered_display": "100", "missing_lines": 0, "excluded_lines": 2}, "missing_lines": [], "excluded_lines": [51, 52]}, "StorageStrategy.get_all_tags": {"executed_lines": [], "summary": {"covered_lines": 0, "num_statements": 0, "percent_covered": 100.0, "percent_covered_display": "100", "missing_lines": 0, "excluded_lines": 2}, "missing_lines": [], "excluded_lines": [56, 57]}, "LocalSQLiteStrategy.__init__": {"executed_lines": [], "summary": {"covered_lines": 0, "num_statements": 6, "percent_covered": 0.0, "percent_covered_display": "0", "missing_lines": 6, "excluded_lines": 0}, "missing_lines": [67, 68, 69, 72, 73, 74], "excluded_lines": []}, "LocalSQLiteStrategy._create_schema": {"executed_lines": [], "summary": {"covered_lines": 0, "num_statements": 2, "percent_covered": 0.0, "percent_covered_display": "0", "missing_lines": 2, "excluded_lines": 0}, "missing_lines": [78, 99], "excluded_lines": []}, "LocalSQLiteStrategy._build_index": {"executed_lines": [], "summary": {"covered_lines": 0, "num_statements": 10, "percent_covered": 0.0, "percent_covered_display": "0", "missing_lines": 10, "excluded_lines": 0}, "missing_lines": [103, 104, 106, 107, 108, 109, 111, 112, 113, 115], "excluded_lines": []}, "LocalSQLiteStrategy._encrypt_if_needed": {"executed_lines": [], "summary": {"covered_lines": 0, "num_statements": 3, "percent_covered": 0.0, "percent_covered_display": "0", "missing_lines": 3, "excluded_lines": 0}, "missing_lines": [119, 120, 121], "excluded_lines": []}, "LocalSQLiteStrategy._decrypt_if_needed": {"executed_lines": [], "summary": {"covered_lines": 0, "num_statements": 3, "percent_covered": 0.0, "percent_covered_display": "0", "missing_lines": 3, "excluded_lines": 0}, "missing_lines": [125, 126, 127], "excluded_lines": []}, "LocalSQLiteStrategy.get_cards_by_tags": {"executed_lines": [], "summary": {"covered_lines": 0, "num_statements": 13, "percent_covered": 0.0, "percent_covered_display": "0", "missing_lines": 13, "excluded_lines": 0}, "missing_lines": [134, 136, 137, 138, 139, 142, 143, 144, 145, 146, 148, 151, 153], "excluded_lines": []}, "LocalSQLiteStrategy.get_card_by_id": {"executed_lines": [], "summary": {"covered_lines": 0, "num_statements": 6, "percent_covered": 0.0, "percent_covered_display": "0", "missing_lines": 6, "excluded_lines": 0}, "missing_lines": [157, 161, 163, 164, 166, 167], "excluded_lines": []}, "LocalSQLiteStrategy.save_card": {"executed_lines": [], "summary": {"covered_lines": 0, "num_statements": 7, "percent_covered": 0.0, "percent_covered_display": "0", "missing_lines": 7, "excluded_lines": 0}, "missing_lines": [176, 177, 178, 180, 187, 190, 192], "excluded_lines": []}, "LocalSQLiteStrategy._update_index_for_card": {"executed_lines": [], "summary": {"covered_lines": 0, "num_statements": 8, "percent_covered": 0.0, "percent_covered_display": "0", "missing_lines": 8, "excluded_lines": 0}, "missing_lines": [196, 199, 200, 203, 204, 205, 206, 207], "excluded_lines": []}, "LocalSQLiteStrategy.delete_card": {"executed_lines": [], "summary": {"covered_lines": 0, "num_statements": 8, "percent_covered": 0.0, "percent_covered_display": "0", "missing_lines": 8, "excluded_lines": 0}, "missing_lines": [211, 212, 214, 215, 217, 218, 219, 221], "excluded_lines": []}, "LocalSQLiteStrategy.can_sync": {"executed_lines": [], "summary": {"covered_lines": 0, "num_statements": 1, "percent_covered": 0.0, "percent_covered_display": "0", "missing_lines": 1, "excluded_lines": 0}, "missing_lines": [225], "excluded_lines": []}, "LocalSQLiteStrategy.get_all_tags": {"executed_lines": [], "summary": {"covered_lines": 0, "num_statements": 1, "percent_covered": 0.0, "percent_covered_display": "0", "missing_lines": 1, "excluded_lines": 0}, "missing_lines": [229], "excluded_lines": []}, "HybridStrategy.__init__": {"executed_lines": [], "summary": {"covered_lines": 0, "num_statements": 4, "percent_covered": 0.0, "percent_covered_display": "0", "missing_lines": 4, "excluded_lines": 0}, "missing_lines": [239, 240, 241, 242], "excluded_lines": []}, "HybridStrategy.get_cards_by_tags": {"executed_lines": [], "summary": {"covered_lines": 0, "num_statements": 1, "percent_covered": 0.0, "percent_covered_display": "0", "missing_lines": 1, "excluded_lines": 0}, "missing_lines": [246], "excluded_lines": []}, "HybridStrategy.get_card_by_id": {"executed_lines": [], "summary": {"covered_lines": 0, "num_statements": 1, "percent_covered": 0.0, "percent_covered_display": "0", "missing_lines": 1, "excluded_lines": 0}, "missing_lines": [250], "excluded_lines": []}, "HybridStrategy.save_card": {"executed_lines": [], "summary": {"covered_lines": 0, "num_statements": 5, "percent_covered": 0.0, "percent_covered_display": "0", "missing_lines": 5, "excluded_lines": 0}, "missing_lines": [255, 258, 259, 260, 262], "excluded_lines": []}, "HybridStrategy.delete_card": {"executed_lines": [], "summary": {"covered_lines": 0, "num_statements": 5, "percent_covered": 0.0, "percent_covered_display": "0", "missing_lines": 5, "excluded_lines": 0}, "missing_lines": [266, 268, 269, 270, 272], "excluded_lines": []}, "HybridStrategy._process_sync_queue": {"executed_lines": [], "summary": {"covered_lines": 0, "num_statements": 11, "percent_covered": 0.0, "percent_covered_display": "0", "missing_lines": 11, "excluded_lines": 0}, "missing_lines": [279, 280, 282, 283, 284, 285, 286, 287, 288, 290, 293], "excluded_lines": []}, "HybridStrategy.can_sync": {"executed_lines": [], "summary": {"covered_lines": 0, "num_statements": 1, "percent_covered": 0.0, "percent_covered_display": "0", "missing_lines": 1, "excluded_lines": 0}, "missing_lines": [297], "excluded_lines": []}, "HybridStrategy.get_all_tags": {"executed_lines": [], "summary": {"covered_lines": 0, "num_statements": 1, "percent_covered": 0.0, "percent_covered_display": "0", "missing_lines": 1, "excluded_lines": 0}, "missing_lines": [301], "excluded_lines": []}, "create_storage_strategy": {"executed_lines": [], "summary": {"covered_lines": 0, "num_statements": 7, "percent_covered": 0.0, "percent_covered_display": "0", "missing_lines": 7, "excluded_lines": 0}, "missing_lines": [315, 317, 318, 319, 320, 322, 324], "excluded_lines": []}, "": {"executed_lines": [], "summary": {"covered_lines": 0, "num_statements": 37, "percent_covered": 0.0, "percent_covered_display": "0", "missing_lines": 37, "excluded_lines": 12}, "missing_lines": [6, 7, 8, 9, 11, 12, 13, 16, 17, 20, 21, 22, 23, 26, 60, 66, 76, 101, 117, 123, 129, 155, 174, 194, 209, 223, 227, 232, 238, 244, 248, 252, 264, 274, 295, 299, 304], "excluded_lines": [29, 30, 34, 35, 39, 40, 44, 45, 49, 50, 54, 55]}}, "classes": {"Card": {"executed_lines": [], "summary": {"covered_lines": 0, "num_statements": 0, "percent_covered": 100.0, "percent_covered_display": "100", "missing_lines": 0, "excluded_lines": 0}, "missing_lines": [], "excluded_lines": []}, "StorageStrategy": {"executed_lines": [], "summary": {"covered_lines": 0, "num_statements": 0, "percent_covered": 100.0, "percent_covered_display": "100", "missing_lines": 0, "excluded_lines": 12}, "missing_lines": [], "excluded_lines": [31, 32, 36, 37, 41, 42, 46, 47, 51, 52, 56, 57]}, "LocalSQLiteStrategy": {"executed_lines": [], "summary": {"covered_lines": 0, "num_statements": 68, "percent_covered": 0.0, "percent_covered_display": "0", "missing_lines": 68, "excluded_lines": 0}, "missing_lines": [67, 68, 69, 72, 73, 74, 78, 99, 103, 104, 106, 107, 108, 109, 111, 112, 113, 115, 119, 120, 121, 125, 126, 127, 134, 136, 137, 138, 139, 142, 143, 144, 145, 146, 148, 151, 153, 157, 161, 163, 164, 166, 167, 176, 177, 178, 180, 187, 190, 192, 196, 199, 200, 203, 204, 205, 206, 207, 211, 212, 214, 215, 217, 218, 219, 221, 225, 229], "excluded_lines": []}, "HybridStrategy": {"executed_lines": [], "summary": {"covered_lines": 0, "num_statements": 29, "percent_covered": 0.0, "percent_covered_display": "0", "missing_lines": 29, "excluded_lines": 0}, "missing_lines": [239, 240, 241, 242, 246, 250, 255, 258, 259, 260, 262, 266, 268, 269, 270, 272, 279, 280, 282, 283, 284, 285, 286, 287, 288, 290, 293, 297, 301], "excluded_lines": []}, "": {"executed_lines": [], "summary": {"covered_lines": 0, "num_statements": 44, "percent_covered": 0.0, "percent_covered_display": "0", "missing_lines": 44, "excluded_lines": 12}, "missing_lines": [6, 7, 8, 9, 11, 12, 13, 16, 17, 20, 21, 22, 23, 26, 60, 66, 76, 101, 117, 123, 129, 155, 174, 194, 209, 223, 227, 232, 238, 244, 248, 252, 264, 274, 295, 299, 304, 315, 317, 318, 319, 320, 322, 324], "excluded_lines": [29, 30, 34, 35, 39, 40, 44, 45, 49, 50, 54, 55]}}}, "apps/shared/utils/__init__.py": {"executed_lines": [], "summary": {"covered_lines": 0, "num_statements": 0, "percent_covered": 100.0, "percent_covered_display": "100", "missing_lines": 0, "excluded_lines": 0}, "missing_lines": [], "excluded_lines": [], "functions": {"": {"executed_lines": [], "summary": {"covered_lines": 0, "num_statements": 0, "percent_covered": 100.0, "percent_covered_display": "100", "missing_lines": 0, "excluded_lines": 0}, "missing_lines": [], "excluded_lines": []}}, "classes": {"": {"executed_lines": [], "summary": {"covered_lines": 0, "num_statements": 0, "percent_covered": 100.0, "percent_covered_display": "100", "missing_lines": 0, "excluded_lines": 0}, "missing_lines": [], "excluded_lines": []}}}}, "totals": {"covered_lines": 104, "num_statements": 1515, "percent_covered": 6.864686468646864, "percent_covered_display": "7", "missing_lines": 1411, "excluded_lines": 29}}